-------------------------------------------------------------------------------
Test set: com.homework.chassetresore.service.AventurierServiceTest
-------------------------------------------------------------------------------
Tests run: 5, Failures: 1, Errors: 0, Skipped: 0, Time elapsed: 0 sec <<< FAILURE! - in com.homework.chassetresore.service.AventurierServiceTest
test_appliquerInstructionKO5(com.homework.chassetresore.service.AventurierServiceTest)  Time elapsed: 0 sec  <<< FAILURE!
java.lang.AssertionError: Expected exception: java.lang.UnsupportedOperationException

